17:10:54 DEBUG : Logs will be stored at '/home/reza/Xilinx/workspace/IDE.log'.
17:10:58 INFO  : Launching XSCT server: xsct -n  -interactive /home/reza/Xilinx/workspace/temp_xsdb_launch_script.tcl
17:10:58 INFO  : Registering command handlers for Vitis TCF services
17:10:59 INFO  : Platform repository initialization has completed.
17:11:00 INFO  : XSCT server has started successfully.
17:11:00 INFO  : Successfully done setting XSCT server connection channel  
17:11:00 INFO  : plnx-install-location is set to ''
17:11:00 INFO  : Successfully done query RDI_DATADIR 
17:11:00 INFO  : Successfully done setting workspace for the tool. 
17:17:07 INFO  : Result from executing command 'getProjects': design_1_wrapper
17:17:07 INFO  : Result from executing command 'getPlatforms': xilinx_vck190_base_202320_1|/media/reza/_dev_sda1/Vitis/2023.2/base_platforms/xilinx_vck190_base_202320_1/xilinx_vck190_base_202320_1.xpfm;xilinx_vck190_base_dfx_202320_1|/media/reza/_dev_sda1/Vitis/2023.2/base_platforms/xilinx_vck190_base_dfx_202320_1/xilinx_vck190_base_dfx_202320_1.xpfm;xilinx_vek280_es1_base_202320_1|/media/reza/_dev_sda1/Vitis/2023.2/base_platforms/xilinx_vek280_es1_base_202320_1/xilinx_vek280_es1_base_202320_1.xpfm;xilinx_vmk180_base_202320_1|/media/reza/_dev_sda1/Vitis/2023.2/base_platforms/xilinx_vmk180_base_202320_1/xilinx_vmk180_base_202320_1.xpfm;xilinx_zcu102_base_202320_1|/media/reza/_dev_sda1/Vitis/2023.2/base_platforms/xilinx_zcu102_base_202320_1/xilinx_zcu102_base_202320_1.xpfm;xilinx_zcu102_base_dfx_202320_1|/media/reza/_dev_sda1/Vitis/2023.2/base_platforms/xilinx_zcu102_base_dfx_202320_1/xilinx_zcu102_base_dfx_202320_1.xpfm;xilinx_zcu104_base_202320_1|/media/reza/_dev_sda1/Vitis/2023.2/base_platforms/xilinx_zcu104_base_202320_1/xilinx_zcu104_base_202320_1.xpfm
17:17:08 WARN  : An unexpected exception occurred in the module 'platform project logging'
17:17:09 INFO  : Platform 'design_1_wrapper' is added to custom repositories.
17:17:19 INFO  : Platform 'design_1_wrapper' is added to custom repositories.
17:37:13 DEBUG : Logs will be stored at '/home/reza/Xilinx/workspace/IDE.log'.
17:37:14 INFO  : Launching XSCT server: xsct -n  -interactive /home/reza/Xilinx/workspace/temp_xsdb_launch_script.tcl
17:37:16 INFO  : XSCT server has started successfully.
17:37:16 INFO  : Successfully done setting XSCT server connection channel  
17:37:16 INFO  : plnx-install-location is set to ''
17:37:16 INFO  : Successfully done setting workspace for the tool. 
17:37:16 INFO  : Successfully done query RDI_DATADIR 
17:37:16 INFO  : Registering command handlers for Vitis TCF services
17:37:18 INFO  : Platform repository initialization has completed.
17:50:49 DEBUG : Logs will be stored at '/home/reza/Xilinx/workspace/IDE.log'.
17:50:51 INFO  : Launching XSCT server: xsct -n  -interactive /home/reza/Xilinx/workspace/temp_xsdb_launch_script.tcl
17:50:57 INFO  : XSCT server has started successfully.
17:50:57 INFO  : plnx-install-location is set to ''
17:50:57 INFO  : Successfully done setting XSCT server connection channel  
17:50:57 INFO  : Successfully done setting workspace for the tool. 
17:51:01 INFO  : Registering command handlers for Vitis TCF services
17:51:05 INFO  : Platform repository initialization has completed.
17:51:09 INFO  : Successfully done query RDI_DATADIR 
18:06:28 DEBUG : Logs will be stored at '/home/reza/Xilinx/workspace/IDE.log'.
18:06:29 INFO  : Launching XSCT server: xsct -n  -interactive /home/reza/Xilinx/workspace/temp_xsdb_launch_script.tcl
18:06:35 INFO  : XSCT server has started successfully.
18:06:35 INFO  : plnx-install-location is set to ''
18:06:35 INFO  : Successfully done setting XSCT server connection channel  
18:06:35 INFO  : Successfully done setting workspace for the tool. 
18:06:39 INFO  : Registering command handlers for Vitis TCF services
18:06:44 INFO  : Platform repository initialization has completed.
18:06:47 INFO  : Successfully done query RDI_DATADIR 
18:17:14 INFO  : Connected to target on host '127.0.0.1' and port '3121'.
18:17:14 INFO  : 'targets -set -filter {jtag_cable_name =~ "Digilent JTAG-HS1 210205329746A" && level==0 && jtag_device_ctx=="jsn-JTAG-HS1-210205329746A-13722093-0"}' command is executed.
18:17:16 INFO  : Device configured successfully with "/home/reza/Xilinx/workspace/Not_gate/_ide/bitstream/design_1_wrapper.bit"
18:18:13 INFO  : Connected to target on host '127.0.0.1' and port '3121'.
18:18:13 INFO  : Jtag cable 'Digilent JTAG-HS1 210205329746A' is selected.
18:18:13 INFO  : 'jtag frequency' command is executed.
18:18:13 INFO  : Context for 'APU' is selected.
18:18:13 INFO  : System reset is completed.
18:18:16 INFO  : 'after 3000' command is executed.
18:18:16 INFO  : 'targets -set -filter {jtag_cable_name =~ "Digilent JTAG-HS1 210205329746A" && level==0 && jtag_device_ctx=="jsn-JTAG-HS1-210205329746A-13722093-0"}' command is executed.
18:18:18 INFO  : Device configured successfully with "/home/reza/Xilinx/workspace/Not_gate/_ide/bitstream/design_1_wrapper.bit"
18:18:18 INFO  : Context for 'APU' is selected.
18:18:18 INFO  : Hardware design and registers information is loaded from '/home/reza/Xilinx/workspace/design_1_wrapper/export/design_1_wrapper/hw/design_1_wrapper.xsa'.
18:18:18 INFO  : 'configparams force-mem-access 1' command is executed.
18:18:18 INFO  : Context for 'APU' is selected.
18:18:18 INFO  : Sourcing of '/home/reza/Xilinx/workspace/Not_gate/_ide/psinit/ps7_init.tcl' is done.
18:18:18 INFO  : 'ps7_init' command is executed.
18:18:18 INFO  : 'ps7_post_config' command is executed.
18:18:18 INFO  : 'configparams force-mem-access 0' command is executed.
18:18:18 INFO  : ----------------XSDB Script----------------
connect -url tcp:127.0.0.1:3121
targets -set -nocase -filter {name =~"APU*"}
rst -system
after 3000
targets -set -filter {jtag_cable_name =~ "Digilent JTAG-HS1 210205329746A" && level==0 && jtag_device_ctx=="jsn-JTAG-HS1-210205329746A-13722093-0"}
fpga -file /home/reza/Xilinx/workspace/Not_gate/_ide/bitstream/design_1_wrapper.bit
targets -set -nocase -filter {name =~"APU*"}
loadhw -hw /home/reza/Xilinx/workspace/design_1_wrapper/export/design_1_wrapper/hw/design_1_wrapper.xsa -mem-ranges [list {0x40000000 0xbfffffff}] -regs
configparams force-mem-access 1
targets -set -nocase -filter {name =~"APU*"}
source /home/reza/Xilinx/workspace/Not_gate/_ide/psinit/ps7_init.tcl
ps7_init
ps7_post_config
configparams force-mem-access 0
----------------End of Script----------------

18:18:18 INFO  : Launch script is exported to file '/home/reza/Xilinx/workspace/Not_gate_system/_ide/scripts/debugger_not_gate-default.tcl'
21:40:08 INFO  : Disconnected from the channel tcfchan#1.
16:44:04 DEBUG : Logs will be stored at '/mnt/9636D17436D15639/University/CE-Github-Repository/M.Sc-Computer-Architecture/Reconfigurable-Computing-System/HWs/HW1/Code/PL_PS_Nand_Gate_EBAZ/IDE.log'.
16:44:35 INFO  : Launching XSCT server: xsct -n  -interactive /mnt/9636D17436D15639/University/CE-Github-Repository/M.Sc-Computer-Architecture/Reconfigurable-Computing-System/HWs/HW1/Code/PL_PS_Nand_Gate_EBAZ/temp_xsdb_launch_script.tcl
16:44:35 INFO  : Registering command handlers for Vitis TCF services
16:44:37 INFO  : Platform repository initialization has completed.
16:44:38 INFO  : XSCT server has started successfully.
16:44:38 INFO  : Successfully done setting XSCT server connection channel  
16:44:38 INFO  : plnx-install-location is set to ''
16:44:38 INFO  : Successfully done setting workspace for the tool. 
16:44:38 INFO  : Successfully done query RDI_DATADIR 
17:14:46 DEBUG : Logs will be stored at '/mnt/9636D17436D15639/University/CE-Github-Repository/M.Sc-Computer-Architecture/Reconfigurable-Computing-System/HWs/HW1/Code/PL_PS_Nand_Gate_EBAZ/IDE.log'.
17:14:49 INFO  : Launching XSCT server: xsct -n  -interactive /mnt/9636D17436D15639/University/CE-Github-Repository/M.Sc-Computer-Architecture/Reconfigurable-Computing-System/HWs/HW1/Code/PL_PS_Nand_Gate_EBAZ/temp_xsdb_launch_script.tcl
17:14:49 INFO  : Registering command handlers for Vitis TCF services
17:14:50 INFO  : Platform repository initialization has completed.
17:14:51 INFO  : XSCT server has started successfully.
17:14:51 INFO  : Successfully done setting XSCT server connection channel  
17:14:51 INFO  : plnx-install-location is set to ''
17:14:51 INFO  : Successfully done setting workspace for the tool. 
17:14:51 INFO  : Successfully done query RDI_DATADIR 
