17:27:37 DEBUG : Logs will be stored at '/mnt/9636D17436D15639/University/CE-Github-Repository/M.Sc-Computer-Architecture/Reconfigurable-Computing-System/HWs/HW1/Code/PS_NAND_Gate/IDE.log'.
17:27:40 INFO  : Launching XSCT server: xsct -n  -interactive /mnt/9636D17436D15639/University/CE-Github-Repository/M.Sc-Computer-Architecture/Reconfigurable-Computing-System/HWs/HW1/Code/PS_NAND_Gate/temp_xsdb_launch_script.tcl
17:27:40 INFO  : Registering command handlers for Vitis TCF services
17:27:41 INFO  : Platform repository initialization has completed.
17:27:42 INFO  : XSCT server has started successfully.
17:27:42 INFO  : plnx-install-location is set to ''
17:27:42 INFO  : Successfully done setting XSCT server connection channel  
17:27:42 INFO  : Successfully done query RDI_DATADIR 
17:27:42 INFO  : Successfully done setting workspace for the tool. 
17:29:03 INFO  : Result from executing command 'getProjects': design_1_wrapper
17:29:03 INFO  : Result from executing command 'getPlatforms': xilinx_vck190_base_202320_1|/media/reza/_dev_sda1/Vitis/2023.2/base_platforms/xilinx_vck190_base_202320_1/xilinx_vck190_base_202320_1.xpfm;xilinx_vck190_base_dfx_202320_1|/media/reza/_dev_sda1/Vitis/2023.2/base_platforms/xilinx_vck190_base_dfx_202320_1/xilinx_vck190_base_dfx_202320_1.xpfm;xilinx_vek280_es1_base_202320_1|/media/reza/_dev_sda1/Vitis/2023.2/base_platforms/xilinx_vek280_es1_base_202320_1/xilinx_vek280_es1_base_202320_1.xpfm;xilinx_vmk180_base_202320_1|/media/reza/_dev_sda1/Vitis/2023.2/base_platforms/xilinx_vmk180_base_202320_1/xilinx_vmk180_base_202320_1.xpfm;xilinx_zcu102_base_202320_1|/media/reza/_dev_sda1/Vitis/2023.2/base_platforms/xilinx_zcu102_base_202320_1/xilinx_zcu102_base_202320_1.xpfm;xilinx_zcu102_base_dfx_202320_1|/media/reza/_dev_sda1/Vitis/2023.2/base_platforms/xilinx_zcu102_base_dfx_202320_1/xilinx_zcu102_base_dfx_202320_1.xpfm;xilinx_zcu104_base_202320_1|/media/reza/_dev_sda1/Vitis/2023.2/base_platforms/xilinx_zcu104_base_202320_1/xilinx_zcu104_base_202320_1.xpfm
17:29:04 WARN  : An unexpected exception occurred in the module 'platform project logging'
17:29:06 INFO  : Platform 'design_1_wrapper' is added to custom repositories.
17:29:16 INFO  : Platform 'design_1_wrapper' is added to custom repositories.
17:31:37 INFO  : Connected to target on host '127.0.0.1' and port '3121'.
17:31:37 INFO  : Jtag cable 'Digilent JTAG-HS1 210205329746A' is selected.
17:31:37 INFO  : 'jtag frequency' command is executed.
17:31:37 INFO  : Context for 'APU' is selected.
17:31:37 INFO  : System reset is completed.
17:31:40 INFO  : 'after 3000' command is executed.
17:31:40 INFO  : 'targets -set -filter {jtag_cable_name =~ "Digilent JTAG-HS1 210205329746A" && level==0 && jtag_device_ctx=="jsn-JTAG-HS1-210205329746A-13722093-0"}' command is executed.
17:31:42 INFO  : Device configured successfully with "/mnt/9636D17436D15639/University/CE-Github-Repository/M.Sc-Computer-Architecture/Reconfigurable-Computing-System/HWs/HW1/Code/PS_NAND_Gate/PS_Nand/_ide/bitstream/design_1_wrapper.bit"
17:31:42 INFO  : Context for 'APU' is selected.
17:31:42 INFO  : Hardware design and registers information is loaded from '/mnt/9636D17436D15639/University/CE-Github-Repository/M.Sc-Computer-Architecture/Reconfigurable-Computing-System/HWs/HW1/Code/PS_NAND_Gate/design_1_wrapper/export/design_1_wrapper/hw/design_1_wrapper.xsa'.
17:31:42 INFO  : 'configparams force-mem-access 1' command is executed.
17:31:42 INFO  : Context for 'APU' is selected.
17:31:42 INFO  : Sourcing of '/mnt/9636D17436D15639/University/CE-Github-Repository/M.Sc-Computer-Architecture/Reconfigurable-Computing-System/HWs/HW1/Code/PS_NAND_Gate/PS_Nand/_ide/psinit/ps7_init.tcl' is done.
17:31:43 INFO  : 'ps7_init' command is executed.
17:31:43 INFO  : 'ps7_post_config' command is executed.
17:31:43 INFO  : 'configparams force-mem-access 0' command is executed.
17:31:43 INFO  : ----------------XSDB Script----------------
connect -url tcp:127.0.0.1:3121
targets -set -nocase -filter {name =~"APU*"}
rst -system
after 3000
targets -set -filter {jtag_cable_name =~ "Digilent JTAG-HS1 210205329746A" && level==0 && jtag_device_ctx=="jsn-JTAG-HS1-210205329746A-13722093-0"}
fpga -file /mnt/9636D17436D15639/University/CE-Github-Repository/M.Sc-Computer-Architecture/Reconfigurable-Computing-System/HWs/HW1/Code/PS_NAND_Gate/PS_Nand/_ide/bitstream/design_1_wrapper.bit
targets -set -nocase -filter {name =~"APU*"}
loadhw -hw /mnt/9636D17436D15639/University/CE-Github-Repository/M.Sc-Computer-Architecture/Reconfigurable-Computing-System/HWs/HW1/Code/PS_NAND_Gate/design_1_wrapper/export/design_1_wrapper/hw/design_1_wrapper.xsa -mem-ranges [list {0x40000000 0xbfffffff}] -regs
configparams force-mem-access 1
targets -set -nocase -filter {name =~"APU*"}
source /mnt/9636D17436D15639/University/CE-Github-Repository/M.Sc-Computer-Architecture/Reconfigurable-Computing-System/HWs/HW1/Code/PS_NAND_Gate/PS_Nand/_ide/psinit/ps7_init.tcl
ps7_init
ps7_post_config
configparams force-mem-access 0
----------------End of Script----------------

17:31:43 INFO  : Launch script is exported to file '/mnt/9636D17436D15639/University/CE-Github-Repository/M.Sc-Computer-Architecture/Reconfigurable-Computing-System/HWs/HW1/Code/PS_NAND_Gate/PS_Nand_system/_ide/scripts/systemdebugger_ps_nand_system_standalone.tcl'
17:33:59 INFO  : Disconnected from the channel tcfchan#1.
17:34:01 INFO  : Connected to target on host '127.0.0.1' and port '3121'.
17:34:01 INFO  : Jtag cable 'Digilent JTAG-HS1 210205329746A' is selected.
17:34:01 INFO  : 'jtag frequency' command is executed.
17:34:01 INFO  : Context for 'APU' is selected.
17:34:01 INFO  : System reset is completed.
17:34:04 INFO  : 'after 3000' command is executed.
17:34:05 INFO  : 'targets -set -filter {jtag_cable_name =~ "Digilent JTAG-HS1 210205329746A" && level==0 && jtag_device_ctx=="jsn-JTAG-HS1-210205329746A-13722093-0"}' command is executed.
17:34:06 INFO  : Device configured successfully with "/mnt/9636D17436D15639/University/CE-Github-Repository/M.Sc-Computer-Architecture/Reconfigurable-Computing-System/HWs/HW1/Code/PS_NAND_Gate/PS_Nand/_ide/bitstream/design_1_wrapper.bit"
17:34:06 INFO  : Context for 'APU' is selected.
17:34:06 INFO  : Hardware design and registers information is loaded from '/mnt/9636D17436D15639/University/CE-Github-Repository/M.Sc-Computer-Architecture/Reconfigurable-Computing-System/HWs/HW1/Code/PS_NAND_Gate/design_1_wrapper/export/design_1_wrapper/hw/design_1_wrapper.xsa'.
17:34:06 INFO  : 'configparams force-mem-access 1' command is executed.
17:34:06 INFO  : Context for 'APU' is selected.
17:34:06 INFO  : Sourcing of '/mnt/9636D17436D15639/University/CE-Github-Repository/M.Sc-Computer-Architecture/Reconfigurable-Computing-System/HWs/HW1/Code/PS_NAND_Gate/PS_Nand/_ide/psinit/ps7_init.tcl' is done.
17:34:07 INFO  : 'ps7_init' command is executed.
17:34:07 INFO  : 'ps7_post_config' command is executed.
17:34:07 INFO  : 'configparams force-mem-access 0' command is executed.
17:34:07 INFO  : ----------------XSDB Script----------------
connect -url tcp:127.0.0.1:3121
targets -set -nocase -filter {name =~"APU*"}
rst -system
after 3000
targets -set -filter {jtag_cable_name =~ "Digilent JTAG-HS1 210205329746A" && level==0 && jtag_device_ctx=="jsn-JTAG-HS1-210205329746A-13722093-0"}
fpga -file /mnt/9636D17436D15639/University/CE-Github-Repository/M.Sc-Computer-Architecture/Reconfigurable-Computing-System/HWs/HW1/Code/PS_NAND_Gate/PS_Nand/_ide/bitstream/design_1_wrapper.bit
targets -set -nocase -filter {name =~"APU*"}
loadhw -hw /mnt/9636D17436D15639/University/CE-Github-Repository/M.Sc-Computer-Architecture/Reconfigurable-Computing-System/HWs/HW1/Code/PS_NAND_Gate/design_1_wrapper/export/design_1_wrapper/hw/design_1_wrapper.xsa -mem-ranges [list {0x40000000 0xbfffffff}] -regs
configparams force-mem-access 1
targets -set -nocase -filter {name =~"APU*"}
source /mnt/9636D17436D15639/University/CE-Github-Repository/M.Sc-Computer-Architecture/Reconfigurable-Computing-System/HWs/HW1/Code/PS_NAND_Gate/PS_Nand/_ide/psinit/ps7_init.tcl
ps7_init
ps7_post_config
configparams force-mem-access 0
----------------End of Script----------------

17:34:07 INFO  : Launch script is exported to file '/mnt/9636D17436D15639/University/CE-Github-Repository/M.Sc-Computer-Architecture/Reconfigurable-Computing-System/HWs/HW1/Code/PS_NAND_Gate/PS_Nand_system/_ide/scripts/systemdebugger_ps_nand_system_standalone.tcl'
17:34:25 INFO  : Disconnected from the channel tcfchan#2.
17:34:26 INFO  : Connected to target on host '127.0.0.1' and port '3121'.
17:34:27 INFO  : Jtag cable 'Digilent JTAG-HS1 210205329746A' is selected.
17:34:27 INFO  : 'jtag frequency' command is executed.
17:34:27 INFO  : Context for 'APU' is selected.
17:34:27 INFO  : System reset is completed.
17:34:30 INFO  : 'after 3000' command is executed.
17:34:30 INFO  : 'targets -set -filter {jtag_cable_name =~ "Digilent JTAG-HS1 210205329746A" && level==0 && jtag_device_ctx=="jsn-JTAG-HS1-210205329746A-13722093-0"}' command is executed.
17:34:32 INFO  : Device configured successfully with "/mnt/9636D17436D15639/University/CE-Github-Repository/M.Sc-Computer-Architecture/Reconfigurable-Computing-System/HWs/HW1/Code/PS_NAND_Gate/PS_Nand/_ide/bitstream/design_1_wrapper.bit"
17:34:32 INFO  : Context for 'APU' is selected.
17:34:32 INFO  : Hardware design and registers information is loaded from '/mnt/9636D17436D15639/University/CE-Github-Repository/M.Sc-Computer-Architecture/Reconfigurable-Computing-System/HWs/HW1/Code/PS_NAND_Gate/design_1_wrapper/export/design_1_wrapper/hw/design_1_wrapper.xsa'.
17:34:32 INFO  : 'configparams force-mem-access 1' command is executed.
17:34:32 INFO  : Context for 'APU' is selected.
17:34:32 INFO  : Sourcing of '/mnt/9636D17436D15639/University/CE-Github-Repository/M.Sc-Computer-Architecture/Reconfigurable-Computing-System/HWs/HW1/Code/PS_NAND_Gate/PS_Nand/_ide/psinit/ps7_init.tcl' is done.
17:34:32 INFO  : 'ps7_init' command is executed.
17:34:32 INFO  : 'ps7_post_config' command is executed.
17:34:32 INFO  : 'configparams force-mem-access 0' command is executed.
17:34:32 INFO  : ----------------XSDB Script----------------
connect -url tcp:127.0.0.1:3121
targets -set -nocase -filter {name =~"APU*"}
rst -system
after 3000
targets -set -filter {jtag_cable_name =~ "Digilent JTAG-HS1 210205329746A" && level==0 && jtag_device_ctx=="jsn-JTAG-HS1-210205329746A-13722093-0"}
fpga -file /mnt/9636D17436D15639/University/CE-Github-Repository/M.Sc-Computer-Architecture/Reconfigurable-Computing-System/HWs/HW1/Code/PS_NAND_Gate/PS_Nand/_ide/bitstream/design_1_wrapper.bit
targets -set -nocase -filter {name =~"APU*"}
loadhw -hw /mnt/9636D17436D15639/University/CE-Github-Repository/M.Sc-Computer-Architecture/Reconfigurable-Computing-System/HWs/HW1/Code/PS_NAND_Gate/design_1_wrapper/export/design_1_wrapper/hw/design_1_wrapper.xsa -mem-ranges [list {0x40000000 0xbfffffff}] -regs
configparams force-mem-access 1
targets -set -nocase -filter {name =~"APU*"}
source /mnt/9636D17436D15639/University/CE-Github-Repository/M.Sc-Computer-Architecture/Reconfigurable-Computing-System/HWs/HW1/Code/PS_NAND_Gate/PS_Nand/_ide/psinit/ps7_init.tcl
ps7_init
ps7_post_config
configparams force-mem-access 0
----------------End of Script----------------

17:34:32 INFO  : Launch script is exported to file '/mnt/9636D17436D15639/University/CE-Github-Repository/M.Sc-Computer-Architecture/Reconfigurable-Computing-System/HWs/HW1/Code/PS_NAND_Gate/PS_Nand_system/_ide/scripts/systemdebugger_ps_nand_system_standalone.tcl'
17:35:43 INFO  : Result from executing command 'getProjects': design_1_wrapper
17:35:43 INFO  : Result from executing command 'getPlatforms': design_1_wrapper|/mnt/9636D17436D15639/University/CE-Github-Repository/M.Sc-Computer-Architecture/Reconfigurable-Computing-System/HWs/HW1/Code/PS_NAND_Gate/design_1_wrapper/export/design_1_wrapper/design_1_wrapper.xpfm;xilinx_vck190_base_202320_1|/media/reza/_dev_sda1/Vitis/2023.2/base_platforms/xilinx_vck190_base_202320_1/xilinx_vck190_base_202320_1.xpfm;xilinx_vck190_base_dfx_202320_1|/media/reza/_dev_sda1/Vitis/2023.2/base_platforms/xilinx_vck190_base_dfx_202320_1/xilinx_vck190_base_dfx_202320_1.xpfm;xilinx_vek280_es1_base_202320_1|/media/reza/_dev_sda1/Vitis/2023.2/base_platforms/xilinx_vek280_es1_base_202320_1/xilinx_vek280_es1_base_202320_1.xpfm;xilinx_vmk180_base_202320_1|/media/reza/_dev_sda1/Vitis/2023.2/base_platforms/xilinx_vmk180_base_202320_1/xilinx_vmk180_base_202320_1.xpfm;xilinx_zcu102_base_202320_1|/media/reza/_dev_sda1/Vitis/2023.2/base_platforms/xilinx_zcu102_base_202320_1/xilinx_zcu102_base_202320_1.xpfm;xilinx_zcu102_base_dfx_202320_1|/media/reza/_dev_sda1/Vitis/2023.2/base_platforms/xilinx_zcu102_base_dfx_202320_1/xilinx_zcu102_base_dfx_202320_1.xpfm;xilinx_zcu104_base_202320_1|/media/reza/_dev_sda1/Vitis/2023.2/base_platforms/xilinx_zcu104_base_202320_1/xilinx_zcu104_base_202320_1.xpfm
17:35:47 INFO  : Checking for BSP changes to sync application flags for project 'PS_Nand'...
17:36:26 INFO  : Disconnected from the channel tcfchan#3.
17:36:26 INFO  : Connected to target on host '127.0.0.1' and port '3121'.
17:36:26 INFO  : Jtag cable 'Digilent JTAG-HS1 210205329746A' is selected.
17:36:26 INFO  : 'jtag frequency' command is executed.
17:36:26 INFO  : Context for 'APU' is selected.
17:36:26 INFO  : System reset is completed.
17:36:29 INFO  : 'after 3000' command is executed.
17:36:29 INFO  : 'targets -set -filter {jtag_cable_name =~ "Digilent JTAG-HS1 210205329746A" && level==0 && jtag_device_ctx=="jsn-JTAG-HS1-210205329746A-13722093-0"}' command is executed.
17:36:31 INFO  : Device configured successfully with "/mnt/9636D17436D15639/University/CE-Github-Repository/M.Sc-Computer-Architecture/Reconfigurable-Computing-System/HWs/HW1/Code/PS_NAND_Gate/PS_Nand/_ide/bitstream/design_1_wrapper.bit"
17:36:31 INFO  : Context for 'APU' is selected.
17:36:31 INFO  : Hardware design and registers information is loaded from '/mnt/9636D17436D15639/University/CE-Github-Repository/M.Sc-Computer-Architecture/Reconfigurable-Computing-System/HWs/HW1/Code/PS_NAND_Gate/design_1_wrapper/export/design_1_wrapper/hw/design_1_wrapper.xsa'.
17:36:31 INFO  : 'configparams force-mem-access 1' command is executed.
17:36:31 INFO  : Context for 'APU' is selected.
17:36:31 INFO  : Sourcing of '/mnt/9636D17436D15639/University/CE-Github-Repository/M.Sc-Computer-Architecture/Reconfigurable-Computing-System/HWs/HW1/Code/PS_NAND_Gate/PS_Nand/_ide/psinit/ps7_init.tcl' is done.
17:36:31 INFO  : 'ps7_init' command is executed.
17:36:31 INFO  : 'ps7_post_config' command is executed.
17:36:31 INFO  : Context for processor 'ps7_cortexa9_0' is selected.
17:36:33 ERROR : Memory write error at 0x100000. Cannot flush CPU cache. APB AP transaction error, DAP status 0xF0000021
17:36:33 INFO  : ----------------XSDB Script----------------
connect -url tcp:127.0.0.1:3121
targets -set -nocase -filter {name =~"APU*"}
rst -system
after 3000
targets -set -filter {jtag_cable_name =~ "Digilent JTAG-HS1 210205329746A" && level==0 && jtag_device_ctx=="jsn-JTAG-HS1-210205329746A-13722093-0"}
fpga -file /mnt/9636D17436D15639/University/CE-Github-Repository/M.Sc-Computer-Architecture/Reconfigurable-Computing-System/HWs/HW1/Code/PS_NAND_Gate/PS_Nand/_ide/bitstream/design_1_wrapper.bit
targets -set -nocase -filter {name =~"APU*"}
loadhw -hw /mnt/9636D17436D15639/University/CE-Github-Repository/M.Sc-Computer-Architecture/Reconfigurable-Computing-System/HWs/HW1/Code/PS_NAND_Gate/design_1_wrapper/export/design_1_wrapper/hw/design_1_wrapper.xsa -mem-ranges [list {0x40000000 0xbfffffff}] -regs
configparams force-mem-access 1
targets -set -nocase -filter {name =~"APU*"}
source /mnt/9636D17436D15639/University/CE-Github-Repository/M.Sc-Computer-Architecture/Reconfigurable-Computing-System/HWs/HW1/Code/PS_NAND_Gate/PS_Nand/_ide/psinit/ps7_init.tcl
ps7_init
ps7_post_config
targets -set -nocase -filter {name =~ "*A9*#0"}
dow /mnt/9636D17436D15639/University/CE-Github-Repository/M.Sc-Computer-Architecture/Reconfigurable-Computing-System/HWs/HW1/Code/PS_NAND_Gate/PS_Nand/Debug/PS_Nand.elf
----------------End of Script----------------

17:36:33 ERROR : Memory write error at 0x100000. Cannot flush CPU cache. APB AP transaction error, DAP status 0xF0000021
17:36:45 INFO  : Connected to target on host '127.0.0.1' and port '3121'.
17:36:45 INFO  : Jtag cable 'Digilent JTAG-HS1 210205329746A' is selected.
17:36:45 INFO  : 'jtag frequency' command is executed.
17:36:45 INFO  : Context for 'APU' is selected.
17:36:45 ERROR : Cannot reset APU. APB AP transaction error, DAP status 0xF0000021
17:36:45 INFO  : ----------------XSDB Script----------------
connect -url tcp:127.0.0.1:3121
targets -set -nocase -filter {name =~"APU*"}
rst -system
after 3000
----------------End of Script----------------

17:36:45 ERROR : Cannot reset APU. APB AP transaction error, DAP status 0xF0000021
17:36:54 INFO  : Connected to target on host '127.0.0.1' and port '3121'.
17:36:55 INFO  : 'targets -set -filter {jtag_cable_name =~ "Digilent JTAG-HS1 210205329746A" && level==0 && jtag_device_ctx=="jsn-JTAG-HS1-210205329746A-13722093-0"}' command is executed.
17:36:56 INFO  : Device configured successfully with "/mnt/9636D17436D15639/University/CE-Github-Repository/M.Sc-Computer-Architecture/Reconfigurable-Computing-System/HWs/HW1/Code/PS_NAND_Gate/PS_Nand/_ide/bitstream/design_1_wrapper.bit"
17:37:00 INFO  : Connected to target on host '127.0.0.1' and port '3121'.
17:37:00 INFO  : Jtag cable 'Digilent JTAG-HS1 210205329746A' is selected.
17:37:00 INFO  : 'jtag frequency' command is executed.
17:37:00 INFO  : Context for 'APU' is selected.
17:37:00 ERROR : Cannot reset APU. APB AP transaction error, DAP status 0xF0000021
17:37:00 INFO  : ----------------XSDB Script----------------
connect -url tcp:127.0.0.1:3121
targets -set -nocase -filter {name =~"APU*"}
rst -system
after 3000
----------------End of Script----------------

17:37:00 ERROR : Cannot reset APU. APB AP transaction error, DAP status 0xF0000021
